{
2021/8/2
紀錄者:HiCat
紀錄日誌:取消下拉式單字表，改成彈出視窗，初步概念樣本已做完，但BUG太多，決定重新編寫程式碼。
}

{
2021/8/3
紀錄者:HiCat
紀錄日誌:重新編寫程式碼已完成。遇上程式退出在回來後，導覽行隱藏不了的問題，待解決。遇到在導覽行顯示的狀態下，翻轉螢幕顯示會保衛的問題，待解決。
}

{
2021/8/4
紀錄者:HiCat
紀錄日誌:導覽行隱藏不了的問題和遇到在導覽行顯示的狀態下，翻轉螢幕顯示會跑位的問題，以通過官網設置解決。
}

{
2021/9/9
紀錄者:HiCat
紀錄日誌:包子:1 28 38
}

{
2021/9/12
紀錄者:HiCat
紀錄日誌:更改了念按鈕的工作，改成它會尋找是否有此發音，有就發出來，無就發出錯誤的音效。按完念按鈕，程式會尋找有無此發音的字，有就顯示拼音按鈕，按下拼音按鈕會跳出小視窗並發出此詞。
}

{
2021/9/15
紀錄者:HiCat
紀錄日誌:精簡程式(將搜尋音和字的程式碼合併)
}

{
2021/9/17
紀錄者:HiCat
紀錄日誌:使用shell的cmp指令檢查檔案使否為空音檔。加入錯誤音效，來源(https://soundeffect-lab.info/sound/button/)。完成注音ㄅ開頭字音的輸入。
}

{
2021/9/18
紀錄者:HiCat
紀錄日誌:完成ㄅ開頭例子的輸入。
}


{
2021/9/20
紀錄者:HiCat
紀錄日誌:解決例子的詞和圖的匯入，中間發生一點問題:創建了一個view並將其的圖片做了更改，但在顯示時，又創了一個新的view，導致看到圖片沒改。
}